<?xml version="1.0" encoding="UTF-8"?>
<Site BuildName="(empty)"
	BuildStamp="20250129-0953-Experimental"
	Name="lenovo"
	Generator="ctest-3.28.3"
	CompilerName="/usr/bin/g++"
	CompilerVersion="13.3.0"
	OSName="Linux"
	Hostname="lenovo"
	OSRelease="6.8.0-51-generic"
	OSVersion="#52-Ubuntu SMP PREEMPT_DYNAMIC Thu Dec  5 13:09:44 UTC 2024"
	OSPlatform="x86_64"
	Is64Bits="1"
	VendorString="GenuineIntel"
	VendorID="Intel Corporation"
	FamilyID="6"
	ModelID="154"
	ProcessorCacheSize="12288"
	NumberOfLogicalCPU="12"
	NumberOfPhysicalCPU="8"
	TotalVirtualMemory="4095"
	TotalPhysicalMemory="15716"
	LogicalProcessorsPerPhysical="1"
	ProcessorClockFrequency="884.276"
	>
	<Testing>
		<StartDateTime>Jan 29 14:12 +03</StartDateTime>
		<StartTestTime>1738149169</StartTestTime>
		<TestList/>
		<EndDateTime>Jan 29 14:12 +03</EndDateTime>
		<EndTestTime>1738149169</EndTestTime>
		<ElapsedMinutes>0</ElapsedMinutes>
	</Testing>
</Site>
